<?xml version="1.0" encoding="UTF-8"?>
<!-- Generated by org.testng.reporters.JUnitReportReporter -->
<testsuite hostname="DESKTOP-ES13M8A" failures="0" tests="2" name="com.assert_various.AssertBeforeTest" time="7.811" errors="0" timestamp="2021-09-16T22:19:04 MSK" skipped="0">
  <testcase classname="com.assert_various.AssertBeforeTest" name="searchCssLocator" time="4.679"/>
  <system-out/>
  <testcase classname="com.assert_various.AssertBeforeTest" name="searchSelenium" time="3.132"/>
  <system-out/>
</testsuite> <!-- com.assert_various.AssertBeforeTest -->
