<?xml version="1.0" encoding="UTF-8"?>
<!-- Generated by org.testng.reporters.JUnitReportReporter -->
<testsuite hostname="DESKTOP-ES13M8A" failures="0" tests="2" name="com.assert_various.AssertBeforeTest" time="14.683" errors="0" timestamp="2021-09-17T07:35:33 MSK" skipped="0">
  <testcase classname="com.assert_various.AssertBeforeTest" name="searchSelenium" time="6.277"/>
  <system-out/>
  <testcase classname="com.assert_various.AssertBeforeTest" name="searchCssLocator" time="8.406"/>
  <system-out/>
</testsuite> <!-- com.assert_various.AssertBeforeTest -->
